<?xml version="1.0" encoding="UTF-8"?>
<!-- Generated by org.testng.reporters.JUnitReportReporter -->
<testsuite hostname="Naufals-MacBook-Air.local" failures="0" tests="6" name="TestRunner.CucumberTestRunner" time="6.977" errors="0" timestamp="2024-05-06T14:00:14 WIB" skipped="0">
  <testcase classname="TestRunner.CucumberTestRunner" name="runScenario" time="1.439"/>
  <system-out/>
  <testcase classname="TestRunner.CucumberTestRunner" name="runScenario" time="0.968"/>
  <system-out/>
  <testcase classname="TestRunner.CucumberTestRunner" name="runScenario" time="1.235"/>
  <system-out/>
  <testcase classname="TestRunner.CucumberTestRunner" name="runScenario" time="1.114"/>
  <system-out/>
  <testcase classname="TestRunner.CucumberTestRunner" name="runScenario" time="1.166"/>
  <system-out/>
  <testcase classname="TestRunner.CucumberTestRunner" name="runScenario" time="1.055"/>
  <system-out/>
</testsuite> <!-- TestRunner.CucumberTestRunner -->
