<?xml version="1.0" encoding="UTF-8"?>
<!-- Generated by org.testng.reporters.JUnitReportReporter -->
<testsuite hostname="Naufals-MacBook-Air.local" failures="0" tests="6" name="TestRunner.CucumberTestRunner" time="7.597" errors="0" timestamp="2024-05-29T13:46:05 WIB" skipped="0">
  <testcase classname="TestRunner.CucumberTestRunner" name="runScenario" time="1.073"/>
  <testcase classname="TestRunner.CucumberTestRunner" name="runScenario" time="1.088"/>
  <testcase classname="TestRunner.CucumberTestRunner" name="runScenario" time="1.969"/>
  <testcase classname="TestRunner.CucumberTestRunner" name="runScenario" time="0.958"/>
  <testcase classname="TestRunner.CucumberTestRunner" name="runScenario" time="1.334"/>
  <testcase classname="TestRunner.CucumberTestRunner" name="runScenario" time="1.175"/>
</testsuite> <!-- TestRunner.CucumberTestRunner -->
