<?xml version="1.0" encoding="UTF-8"?>
<!-- Generated by org.testng.reporters.JUnitReportReporter -->
<testsuite hostname="Naufals-MacBook-Air.local" failures="0" tests="6" name="TestRunner.CucumberTestRunner" time="10.036" errors="0" timestamp="2024-05-06T14:51:10 WIB" skipped="0">
  <testcase classname="TestRunner.CucumberTestRunner" name="runScenario" time="1.724"/>
  <testcase classname="TestRunner.CucumberTestRunner" name="runScenario" time="1.273"/>
  <testcase classname="TestRunner.CucumberTestRunner" name="runScenario" time="2.406"/>
  <testcase classname="TestRunner.CucumberTestRunner" name="runScenario" time="1.823"/>
  <testcase classname="TestRunner.CucumberTestRunner" name="runScenario" time="1.384"/>
  <testcase classname="TestRunner.CucumberTestRunner" name="runScenario" time="1.426"/>
</testsuite> <!-- TestRunner.CucumberTestRunner -->
